[vite] connecting... client:733:9
[vite] connected. client:827:12
AuthProvider: Component rendered AuthContext.tsx:8:11
AuthProvider: Rendering provider with value: 
Object { user: Getter, token: Getter, isAuthenticated: Getter, isLoading: Getter, error: Getter, login: async login(credentials), register: async register(userData), logout: logout(), clearError: clearError() }
AuthContext.tsx:125:11
useAuth called AuthContext.tsx:136:11
AuthContext value: undefined AuthContext.tsx:138:11
useAuth failed - context is undefined AuthContext.tsx:140:13
console.trace() Call stack: AuthContext.tsx:141:13
    useAuth AuthContext.tsx:169
    Header2 Header.tsx:6
    HMRComp @solid-refresh:25
    untrack dev.js:474
    HMRComp @solid-refresh:25
    runComputation dev.js:741
    updateComputation dev.js:723
    createMemo dev.js:272
    HMRComp @solid-refresh:22
    c dev.js:585
    untrack dev.js:474
    c dev.js:581
    runComputation dev.js:741
    updateComputation dev.js:723
    devComponent dev.js:592
    createComponent dev.js:1310
    Layout2 Layout.tsx:8
    Layout2 Layout.tsx:13
    HMRComp @solid-refresh:25
    untrack dev.js:474
    HMRComp @solid-refresh:25
    runComputation dev.js:741
    updateComputation dev.js:723
    createMemo dev.js:272
    HMRComp @solid-refresh:22
    c dev.js:585
    untrack dev.js:474
    c dev.js:581
    runComputation dev.js:741
    updateComputation dev.js:723
    devComponent dev.js:592
    createComponent dev.js:1310
    outlet routing.js:545
    get children components.jsx:88
    res dev.js:1056
    runComputation dev.js:741
    updateComputation dev.js:723
    createMemo dev.js:272
    children dev.js:615
    res dev.js:1056
    untrack dev.js:474
    provider dev.js:1051
    runComputation dev.js:741
    updateComputation dev.js:723
    createRenderEffect dev.js:239
    provider dev.js:1051
    c dev.js:585
    untrack dev.js:474
    c dev.js:581
    runComputation dev.js:741
    updateComputation dev.js:723
    devComponent dev.js:592
    createComponent dev.js:1310
    children components.jsx:88
    Show dev.js:1533
    untrack dev.js:474
    Show dev.js:1533
    runComputation dev.js:741
    updateComputation dev.js:723
    createMemo dev.js:272
    Show dev.js:1528
    c dev.js:585
    untrack dev.js:474
    c dev.js:581
    runComputation dev.js:741
    updateComputation dev.js:723
    devComponent dev.js:592
    createComponent dev.js:1310
    createOutlet components.jsx:87
    Routes components.jsx:84
    c dev.js:585
    untrack dev.js:474
    c dev.js:581
    runComputation dev.js:741
    updateComputation dev.js:723
    devComponent dev.js:592
    createComponent dev.js:1310
    get children components.jsx:18
    get fallback components.jsx:32
    Show dev.js:1538
    runComputation dev.js:741
    updateComputation dev.js:723
    createMemo dev.js:272
    Show dev.js:1528
    c dev.js:585
    untrack dev.js:474
    c dev.js:581
    runComputation dev.js:741
    updateComputation dev.js:723
    devComponent dev.js:592
    createComponent dev.js:1310
    Root components.jsx:32
    c dev.js:585
    untrack dev.js:474
    c dev.js:581
    runComputation dev.js:741
    updateComputation dev.js:723
    devComponent dev.js:592
    createComponent dev.js:1310
    get children components.jsx:16
    res dev.js:1056
    runComputation dev.js:741
    updateComputation dev.js:723
    createMemo dev.js:272
    children dev.js:615
    res dev.js:1056
    untrack dev.js:474
    provider dev.js:1051
    runComputation dev.js:741
    updateComputation dev.js:723
    createRenderEffect dev.js:239
    provider dev.js:1051
    c dev.js:585
    untrack dev.js:474
    c dev.js:581
    runComputation dev.js:741
    updateComputation dev.js:723
    devComponent dev.js:592
    createComponent dev.js:1310
    createRouterComponent components.jsx:16
    Router Router.js:44
    c dev.js:585
    untrack dev.js:474
    c dev.js:581
    runComputation dev.js:741
    updateComputation dev.js:723
    devComponent dev.js:592
    createComponent dev.js:1310
    _cleanup index.tsx:17
    render dev.js:123
    updateFn dev.js:197
    runUpdates dev.js:848
    createRoot dev.js:202
    render dev.js:121
    <anonymous> index.tsx:16
Uncaught Error: useAuth must be used within an AuthProvider
    useAuth AuthContext.tsx:170
    Header2 Header.tsx:6
    HMRComp @solid-refresh:25
    untrack dev.js:474
    HMRComp @solid-refresh:25
    runComputation dev.js:741
    updateComputation dev.js:723
    createMemo dev.js:272
    HMRComp @solid-refresh:22
    c dev.js:585
    untrack dev.js:474
    c dev.js:581
AuthContext.tsx:142:11
